<?xml version="1.0" encoding="UTF-8"?>
<coverage generated="1415600029">
  <project timestamp="1415600029">
    <package name="Icecave\Chastity\Driver">
      <file name="/home/travis/build/IcecaveStudios/chastity/src/Driver/BlockingAdaptor.php">
        <class name="BlockingAdaptor" namespace="Icecave\Chastity\Driver">
          <metrics methods="6" coveredmethods="6" conditionals="0" coveredconditionals="0" statements="17" coveredstatements="17" elements="23" coveredelements="23"/>
        </class>
        <line num="13" type="method" name="__construct" crap="2" count="6"/>
        <line num="14" type="stmt" count="1"/>
        <line num="17" type="stmt" count="1"/>
        <line num="18" type="stmt" count="6"/>
        <line num="19" type="stmt" count="6"/>
        <line num="22" type="stmt" count="6"/>
        <line num="23" type="stmt" count="6"/>
        <line num="24" type="stmt" count="6"/>
        <line num="25" type="stmt" count="6"/>
        <line num="37" type="method" name="acquire" crap="2" count="2"/>
        <line num="40" type="stmt" count="2"/>
        <line num="41" type="method" name="anonymous function" crap="1" count="2"/>
        <line num="42" type="stmt" count="2"/>
        <line num="43" type="stmt" count="2"/>
        <line num="44" type="stmt" count="2"/>
        <line num="46" type="stmt" count="2"/>
        <line num="47" type="stmt" count="2"/>
        <line num="48" type="stmt" count="2"/>
        <line num="49" type="stmt" count="2"/>
        <line num="50" type="stmt" count="2"/>
        <line num="51" type="stmt" count="2"/>
        <line num="52" type="stmt" count="1"/>
        <line num="53" type="stmt" count="1"/>
        <line num="65" type="method" name="isAcquired" crap="1" count="1"/>
        <line num="67" type="stmt" count="1"/>
        <line num="79" type="method" name="extend" crap="1" count="1"/>
        <line num="81" type="stmt" count="1"/>
        <line num="92" type="method" name="release" crap="1" count="1"/>
        <line num="94" type="stmt" count="1"/>
        <metrics loc="100" ncloc="62" classes="1" methods="6" coveredmethods="6" conditionals="0" coveredconditionals="0" statements="23" coveredstatements="23" elements="29" coveredelements="29"/>
      </file>
    </package>
    <package name="Icecave\Chastity\Driver\Redis">
      <file name="/home/travis/build/IcecaveStudios/chastity/src/Driver/Redis/RedisDriver.php">
        <class name="RedisDriver" namespace="Icecave\Chastity\Driver\Redis">
          <metrics methods="7" coveredmethods="7" conditionals="0" coveredconditionals="0" statements="38" coveredstatements="38" elements="45" coveredelements="45"/>
        </class>
        <line num="10" type="method" name="__construct" crap="1" count="18"/>
        <line num="12" type="stmt" count="18"/>
        <line num="13" type="stmt" count="18"/>
        <line num="24" type="method" name="acquire" crap="1" count="11"/>
        <line num="26" type="stmt" count="11"/>
        <line num="27" type="stmt" count="11"/>
        <line num="28" type="stmt" count="11"/>
        <line num="29" type="stmt" count="11"/>
        <line num="30" type="stmt" count="11"/>
        <line num="32" type="stmt" count="10"/>
        <line num="43" type="method" name="isAcquired" crap="1" count="8"/>
        <line num="45" type="stmt" count="8"/>
        <line num="46" type="stmt" count="8"/>
        <line num="47" type="stmt" count="8"/>
        <line num="59" type="method" name="extend" crap="2" count="5"/>
        <line num="61" type="stmt" count="5"/>
        <line num="62" type="stmt" count="5"/>
        <line num="63" type="stmt" count="5"/>
        <line num="64" type="stmt" count="5"/>
        <line num="65" type="stmt" count="5"/>
        <line num="68" type="stmt" count="5"/>
        <line num="69" type="stmt" count="5"/>
        <line num="70" type="stmt" count="5"/>
        <line num="71" type="stmt" count="5"/>
        <line num="72" type="stmt" count="5"/>
        <line num="73" type="stmt" count="5"/>
        <line num="74" type="stmt" count="4"/>
        <line num="85" type="method" name="release" crap="2" count="5"/>
        <line num="87" type="stmt" count="5"/>
        <line num="88" type="stmt" count="5"/>
        <line num="89" type="stmt" count="5"/>
        <line num="90" type="stmt" count="5"/>
        <line num="91" type="stmt" count="5"/>
        <line num="94" type="stmt" count="5"/>
        <line num="95" type="stmt" count="5"/>
        <line num="96" type="stmt" count="5"/>
        <line num="97" type="stmt" count="5"/>
        <line num="99" type="stmt" count="5"/>
        <line num="102" type="method" name="generateKey" crap="1" count="18"/>
        <line num="104" type="stmt" count="18"/>
        <line num="107" type="method" name="convertTimeToLive" crap="2" count="14"/>
        <line num="109" type="stmt" count="14"/>
        <line num="111" type="stmt" count="14"/>
        <line num="112" type="stmt" count="2"/>
        <line num="115" type="stmt" count="12"/>
        <metrics loc="121" ncloc="87" classes="1" methods="7" coveredmethods="7" conditionals="0" coveredconditionals="0" statements="38" coveredstatements="38" elements="45" coveredelements="45"/>
      </file>
    </package>
    <package name="Icecave\Chastity\Exception">
      <file name="/home/travis/build/IcecaveStudios/chastity/src/Exception/LockAcquisitionException.php">
        <class name="LockAcquisitionException" namespace="Icecave\Chastity\Exception">
          <metrics methods="1" coveredmethods="1" conditionals="0" coveredconditionals="0" statements="5" coveredstatements="5" elements="6" coveredelements="6"/>
        </class>
        <line num="9" type="method" name="__construct" crap="1" count="2"/>
        <line num="11" type="stmt" count="2"/>
        <line num="12" type="stmt" count="2"/>
        <line num="13" type="stmt" count="2"/>
        <line num="15" type="stmt" count="2"/>
        <line num="16" type="stmt" count="2"/>
        <metrics loc="17" ncloc="17" classes="1" methods="1" coveredmethods="1" conditionals="0" coveredconditionals="0" statements="5" coveredstatements="5" elements="6" coveredelements="6"/>
      </file>
      <file name="/home/travis/build/IcecaveStudios/chastity/src/Exception/LockAlreadyAcquiredException.php">
        <class name="LockAlreadyAcquiredException" namespace="Icecave\Chastity\Exception">
          <metrics methods="1" coveredmethods="1" conditionals="0" coveredconditionals="0" statements="5" coveredstatements="5" elements="6" coveredelements="6"/>
        </class>
        <line num="9" type="method" name="__construct" crap="1" count="2"/>
        <line num="11" type="stmt" count="2"/>
        <line num="12" type="stmt" count="2"/>
        <line num="13" type="stmt" count="2"/>
        <line num="15" type="stmt" count="2"/>
        <line num="16" type="stmt" count="2"/>
        <metrics loc="17" ncloc="17" classes="1" methods="1" coveredmethods="1" conditionals="0" coveredconditionals="0" statements="5" coveredstatements="5" elements="6" coveredelements="6"/>
      </file>
      <file name="/home/travis/build/IcecaveStudios/chastity/src/Exception/LockNotAcquiredException.php">
        <class name="LockNotAcquiredException" namespace="Icecave\Chastity\Exception">
          <metrics methods="1" coveredmethods="1" conditionals="0" coveredconditionals="0" statements="5" coveredstatements="5" elements="6" coveredelements="6"/>
        </class>
        <line num="9" type="method" name="__construct" crap="1" count="5"/>
        <line num="11" type="stmt" count="5"/>
        <line num="12" type="stmt" count="5"/>
        <line num="13" type="stmt" count="5"/>
        <line num="15" type="stmt" count="5"/>
        <line num="16" type="stmt" count="5"/>
        <metrics loc="17" ncloc="17" classes="1" methods="1" coveredmethods="1" conditionals="0" coveredconditionals="0" statements="5" coveredstatements="5" elements="6" coveredelements="6"/>
      </file>
    </package>
    <package name="Icecave\Chastity">
      <file name="/home/travis/build/IcecaveStudios/chastity/src/Lock.php">
        <class name="Lock" namespace="Icecave\Chastity">
          <metrics methods="8" coveredmethods="8" conditionals="0" coveredconditionals="0" statements="43" coveredstatements="43" elements="51" coveredelements="51"/>
        </class>
        <line num="11" type="method" name="__construct" crap="1" count="25"/>
        <line num="16" type="stmt" count="25"/>
        <line num="17" type="stmt" count="25"/>
        <line num="18" type="stmt" count="25"/>
        <line num="19" type="stmt" count="25"/>
        <line num="24" type="method" name="__destruct" crap="2" count="7"/>
        <line num="26" type="stmt" count="7"/>
        <line num="27" type="stmt" count="4"/>
        <line num="28" type="stmt" count="4"/>
        <line num="29" type="stmt" count="4"/>
        <line num="30" type="stmt" count="4"/>
        <line num="32" type="stmt" count="7"/>
        <line num="39" type="method" name="resource" crap="1" count="1"/>
        <line num="41" type="stmt" count="1"/>
        <line num="49" type="method" name="isAcquired" crap="2" count="20"/>
        <line num="51" type="stmt" count="20"/>
        <line num="52" type="stmt" count="20"/>
        <line num="55" type="stmt" count="10"/>
        <line num="56" type="stmt" count="10"/>
        <line num="57" type="stmt" count="10"/>
        <line num="58" type="stmt" count="10"/>
        <line num="60" type="stmt" count="10"/>
        <line num="73" type="method" name="acquire" crap="2" count="7"/>
        <line num="75" type="stmt" count="7"/>
        <line num="76" type="stmt" count="6"/>
        <line num="79" type="stmt" count="1"/>
        <line num="91" type="method" name="tryAcquire" crap="2" count="19"/>
        <line num="93" type="stmt" count="19"/>
        <line num="94" type="stmt" count="2"/>
        <line num="97" type="stmt" count="19"/>
        <line num="98" type="stmt" count="19"/>
        <line num="99" type="stmt" count="19"/>
        <line num="100" type="stmt" count="19"/>
        <line num="102" type="stmt" count="19"/>
        <line num="104" type="stmt" count="19"/>
        <line num="115" type="method" name="extend" crap="3" count="3"/>
        <line num="117" type="stmt" count="3"/>
        <line num="118" type="stmt" count="2"/>
        <line num="119" type="stmt" count="2"/>
        <line num="120" type="stmt" count="2"/>
        <line num="122" type="stmt" count="2"/>
        <line num="125" type="stmt" count="3"/>
        <line num="126" type="stmt" count="2"/>
        <line num="128" type="stmt" count="1"/>
        <line num="135" type="method" name="release" crap="3" count="3"/>
        <line num="138" type="stmt" count="3"/>
        <line num="139" type="stmt" count="3"/>
        <line num="140" type="stmt" count="2"/>
        <line num="141" type="stmt" count="2"/>
        <line num="144" type="stmt" count="1"/>
        <line num="145" type="stmt" count="1"/>
        <metrics loc="151" ncloc="106" classes="1" methods="8" coveredmethods="8" conditionals="0" coveredconditionals="0" statements="43" coveredstatements="43" elements="51" coveredelements="51"/>
      </file>
      <file name="/home/travis/build/IcecaveStudios/chastity/src/LockFactory.php">
        <class name="LockFactory" namespace="Icecave\Chastity">
          <metrics methods="3" coveredmethods="3" conditionals="0" coveredconditionals="0" statements="17" coveredstatements="17" elements="20" coveredelements="20"/>
        </class>
        <line num="12" type="method" name="__construct" crap="3" count="5"/>
        <line num="16" type="stmt" count="5"/>
        <line num="17" type="stmt" count="1"/>
        <line num="20" type="stmt" count="5"/>
        <line num="21" type="stmt" count="1"/>
        <line num="24" type="stmt" count="5"/>
        <line num="25" type="stmt" count="5"/>
        <line num="26" type="stmt" count="5"/>
        <line num="35" type="method" name="create" crap="1" count="5"/>
        <line num="37" type="stmt" count="5"/>
        <line num="39" type="stmt" count="5"/>
        <line num="40" type="stmt" count="5"/>
        <line num="42" type="stmt" count="5"/>
        <line num="43" type="stmt" count="5"/>
        <line num="44" type="stmt" count="5"/>
        <line num="46" type="stmt" count="5"/>
        <line num="61" type="method" name="acquire" crap="1" count="2"/>
        <line num="63" type="stmt" count="2"/>
        <line num="65" type="stmt" count="2"/>
        <line num="67" type="stmt" count="2"/>
        <metrics loc="72" ncloc="53" classes="1" methods="3" coveredmethods="3" conditionals="0" coveredconditionals="0" statements="17" coveredstatements="17" elements="20" coveredelements="20"/>
      </file>
      <file name="/home/travis/build/IcecaveStudios/chastity/src/ReentrantLock.php">
        <class name="ReentrantLock" namespace="Icecave\Chastity">
          <metrics methods="8" coveredmethods="8" conditionals="0" coveredconditionals="0" statements="30" coveredstatements="30" elements="38" coveredelements="38"/>
        </class>
        <line num="15" type="method" name="__construct" crap="1" count="15"/>
        <line num="17" type="stmt" count="15"/>
        <line num="18" type="stmt" count="15"/>
        <line num="19" type="stmt" count="15"/>
        <line num="24" type="method" name="__destruct" crap="2" count="1"/>
        <line num="27" type="stmt" count="1"/>
        <line num="28" type="stmt" count="1"/>
        <line num="31" type="stmt" count="1"/>
        <line num="38" type="method" name="resource" crap="1" count="1"/>
        <line num="40" type="stmt" count="1"/>
        <line num="48" type="method" name="isAcquired" crap="3" count="10"/>
        <line num="50" type="stmt" count="10"/>
        <line num="51" type="stmt" count="6"/>
        <line num="52" type="stmt" count="7"/>
        <line num="53" type="stmt" count="6"/>
        <line num="56" type="stmt" count="1"/>
        <line num="58" type="stmt" count="1"/>
        <line num="71" type="method" name="acquire" crap="2" count="4"/>
        <line num="73" type="stmt" count="4"/>
        <line num="74" type="stmt" count="3"/>
        <line num="77" type="stmt" count="3"/>
        <line num="78" type="stmt" count="3"/>
        <line num="89" type="method" name="tryAcquire" crap="3" count="9"/>
        <line num="92" type="stmt" count="9"/>
        <line num="93" type="stmt" count="9"/>
        <line num="94" type="stmt" count="9"/>
        <line num="95" type="stmt" count="2"/>
        <line num="98" type="stmt" count="7"/>
        <line num="100" type="stmt" count="7"/>
        <line num="111" type="method" name="extend" crap="1" count="1"/>
        <line num="113" type="stmt" count="1"/>
        <line num="114" type="stmt" count="1"/>
        <line num="121" type="method" name="release" crap="3" count="3"/>
        <line num="123" type="stmt" count="3"/>
        <line num="124" type="stmt" count="1"/>
        <line num="125" type="stmt" count="2"/>
        <line num="126" type="stmt" count="2"/>
        <line num="128" type="stmt" count="2"/>
        <metrics loc="132" ncloc="79" classes="1" methods="8" coveredmethods="8" conditionals="0" coveredconditionals="0" statements="30" coveredstatements="30" elements="38" coveredelements="38"/>
      </file>
    </package>
    <metrics files="8" loc="627" ncloc="438" classes="8" methods="35" coveredmethods="35" conditionals="0" coveredconditionals="0" statements="166" coveredstatements="166" elements="201" coveredelements="201"/>
  </project>
</coverage>
