<?xml version="1.0" encoding="UTF-8"?>
<testsuites>
  <testsuite name="" tests="63" assertions="147" failures="0" errors="0" time="3.971413">
    <testsuite name="Icecave\Chastity\Driver\BlockingAdaptorTest" file="/home/travis/build/IcecaveStudios/chastity/test/suite/Driver/BlockingAdaptorTest.php" tests="5" assertions="10" failures="0" errors="0" time="1.074631">
      <testcase name="testAcquire" class="Icecave\Chastity\Driver\BlockingAdaptorTest" file="/home/travis/build/IcecaveStudios/chastity/test/suite/Driver/BlockingAdaptorTest.php" line="25" assertions="2" time="0.883461"/>
      <testcase name="testAcquireTimeout" class="Icecave\Chastity\Driver\BlockingAdaptorTest" file="/home/travis/build/IcecaveStudios/chastity/test/suite/Driver/BlockingAdaptorTest.php" line="54" assertions="2" time="0.129676"/>
      <testcase name="testIsAcquired" class="Icecave\Chastity\Driver\BlockingAdaptorTest" file="/home/travis/build/IcecaveStudios/chastity/test/suite/Driver/BlockingAdaptorTest.php" line="83" assertions="2" time="0.020513"/>
      <testcase name="testExtend" class="Icecave\Chastity\Driver\BlockingAdaptorTest" file="/home/travis/build/IcecaveStudios/chastity/test/suite/Driver/BlockingAdaptorTest.php" line="101" assertions="2" time="0.021623"/>
      <testcase name="testRelease" class="Icecave\Chastity\Driver\BlockingAdaptorTest" file="/home/travis/build/IcecaveStudios/chastity/test/suite/Driver/BlockingAdaptorTest.php" line="119" assertions="2" time="0.019358"/>
    </testsuite>
    <testsuite name="Icecave\Chastity\Driver\Redis\RedisDriverIntegrationTest" file="/home/travis/build/IcecaveStudios/chastity/test/suite/Driver/Redis/RedisDriverIntegrationTest.php" tests="8" assertions="20" failures="0" errors="0" time="1.230028">
      <testcase name="testAcquire" class="Icecave\Chastity\Driver\Redis\RedisDriverIntegrationTest" file="/home/travis/build/IcecaveStudios/chastity/test/suite/Driver/Redis/RedisDriverIntegrationTest.php" line="27" assertions="1" time="0.092790"/>
      <testcase name="testAcquireFailure" class="Icecave\Chastity\Driver\Redis\RedisDriverIntegrationTest" file="/home/travis/build/IcecaveStudios/chastity/test/suite/Driver/Redis/RedisDriverIntegrationTest.php" line="38" assertions="2" time="0.049374"/>
      <testcase name="testAcquireTtl" class="Icecave\Chastity\Driver\Redis\RedisDriverIntegrationTest" file="/home/travis/build/IcecaveStudios/chastity/test/suite/Driver/Redis/RedisDriverIntegrationTest.php" line="60" assertions="1" time="0.226300"/>
      <testcase name="testIsAcquired" class="Icecave\Chastity\Driver\Redis\RedisDriverIntegrationTest" file="/home/travis/build/IcecaveStudios/chastity/test/suite/Driver/Redis/RedisDriverIntegrationTest.php" line="75" assertions="3" time="0.171944"/>
      <testcase name="testExtend" class="Icecave\Chastity\Driver\Redis\RedisDriverIntegrationTest" file="/home/travis/build/IcecaveStudios/chastity/test/suite/Driver/Redis/RedisDriverIntegrationTest.php" line="104" assertions="4" time="0.446412"/>
      <testcase name="testExtendFailure" class="Icecave\Chastity\Driver\Redis\RedisDriverIntegrationTest" file="/home/travis/build/IcecaveStudios/chastity/test/suite/Driver/Redis/RedisDriverIntegrationTest.php" line="134" assertions="3" time="0.216048"/>
      <testcase name="testRelease" class="Icecave\Chastity\Driver\Redis\RedisDriverIntegrationTest" file="/home/travis/build/IcecaveStudios/chastity/test/suite/Driver/Redis/RedisDriverIntegrationTest.php" line="159" assertions="3" time="0.013729"/>
      <testcase name="testReleaseFailure" class="Icecave\Chastity\Driver\Redis\RedisDriverIntegrationTest" file="/home/travis/build/IcecaveStudios/chastity/test/suite/Driver/Redis/RedisDriverIntegrationTest.php" line="181" assertions="3" time="0.013431"/>
    </testsuite>
    <testsuite name="Icecave\Chastity\Driver\Redis\RedisDriverTest" file="/home/travis/build/IcecaveStudios/chastity/test/suite/Driver/Redis/RedisDriverTest.php" tests="10" assertions="21" failures="0" errors="0" time="0.348373">
      <testcase name="testAcquire" class="Icecave\Chastity\Driver\Redis\RedisDriverTest" file="/home/travis/build/IcecaveStudios/chastity/test/suite/Driver/Redis/RedisDriverTest.php" line="48" assertions="2" time="0.047158"/>
      <testcase name="testAcquireFailure" class="Icecave\Chastity\Driver\Redis\RedisDriverTest" file="/home/travis/build/IcecaveStudios/chastity/test/suite/Driver/Redis/RedisDriverTest.php" line="72" assertions="1" time="0.027055"/>
      <testcase name="testAcquireWithInvalidTtl" class="Icecave\Chastity\Driver\Redis\RedisDriverTest" file="/home/travis/build/IcecaveStudios/chastity/test/suite/Driver/Redis/RedisDriverTest.php" line="90" assertions="2" time="0.024992"/>
      <testcase name="testIsAcquired" class="Icecave\Chastity\Driver\Redis\RedisDriverTest" file="/home/travis/build/IcecaveStudios/chastity/test/suite/Driver/Redis/RedisDriverTest.php" line="104" assertions="2" time="0.029724"/>
      <testcase name="testIsAcquiredFailure" class="Icecave\Chastity\Driver\Redis\RedisDriverTest" file="/home/travis/build/IcecaveStudios/chastity/test/suite/Driver/Redis/RedisDriverTest.php" line="116" assertions="2" time="0.028276"/>
      <testcase name="testExtend" class="Icecave\Chastity\Driver\Redis\RedisDriverTest" file="/home/travis/build/IcecaveStudios/chastity/test/suite/Driver/Redis/RedisDriverTest.php" line="128" assertions="4" time="0.047458"/>
      <testcase name="testExtendOnlyLoadsScriptOnce" class="Icecave\Chastity\Driver\Redis\RedisDriverTest" file="/home/travis/build/IcecaveStudios/chastity/test/suite/Driver/Redis/RedisDriverTest.php" line="157" assertions="1" time="0.032334"/>
      <testcase name="testExtendWithInvalidTtl" class="Icecave\Chastity\Driver\Redis\RedisDriverTest" file="/home/travis/build/IcecaveStudios/chastity/test/suite/Driver/Redis/RedisDriverTest.php" line="169" assertions="2" time="0.026276"/>
      <testcase name="testRelease" class="Icecave\Chastity\Driver\Redis\RedisDriverTest" file="/home/travis/build/IcecaveStudios/chastity/test/suite/Driver/Redis/RedisDriverTest.php" line="183" assertions="4" time="0.050762"/>
      <testcase name="testReleaseOnlyLoadsScriptOnce" class="Icecave\Chastity\Driver\Redis\RedisDriverTest" file="/home/travis/build/IcecaveStudios/chastity/test/suite/Driver/Redis/RedisDriverTest.php" line="211" assertions="1" time="0.034338"/>
    </testsuite>
    <testsuite name="Icecave\Chastity\LockFactoryTest" file="/home/travis/build/IcecaveStudios/chastity/test/suite/LockFactoryTest.php" tests="5" assertions="11" failures="0" errors="0" time="0.265734">
      <testcase name="testConstructorDefaults" class="Icecave\Chastity\LockFactoryTest" file="/home/travis/build/IcecaveStudios/chastity/test/suite/LockFactoryTest.php" line="50" assertions="2" time="0.065369"/>
      <testcase name="testBlockingAdaptor" class="Icecave\Chastity\LockFactoryTest" file="/home/travis/build/IcecaveStudios/chastity/test/suite/LockFactoryTest.php" line="75" assertions="1" time="0.046613"/>
      <testcase name="testCreate" class="Icecave\Chastity\LockFactoryTest" file="/home/travis/build/IcecaveStudios/chastity/test/suite/LockFactoryTest.php" line="96" assertions="2" time="0.039874"/>
      <testcase name="testAcquire" class="Icecave\Chastity\LockFactoryTest" file="/home/travis/build/IcecaveStudios/chastity/test/suite/LockFactoryTest.php" line="114" assertions="3" time="0.060010"/>
      <testcase name="testAcquireWithTimeout" class="Icecave\Chastity\LockFactoryTest" file="/home/travis/build/IcecaveStudios/chastity/test/suite/LockFactoryTest.php" line="138" assertions="3" time="0.053868"/>
    </testsuite>
    <testsuite name="Icecave\Chastity\LockTest" file="/home/travis/build/IcecaveStudios/chastity/test/suite/LockTest.php" tests="20" assertions="41" failures="0" errors="0" time="0.587719">
      <testcase name="testDestruct" class="Icecave\Chastity\LockTest" file="/home/travis/build/IcecaveStudios/chastity/test/suite/LockTest.php" line="47" assertions="1" time="0.020850"/>
      <testcase name="testDestructWhenAcquired" class="Icecave\Chastity\LockTest" file="/home/travis/build/IcecaveStudios/chastity/test/suite/LockTest.php" line="58" assertions="1" time="0.030720"/>
      <testcase name="testResource" class="Icecave\Chastity\LockTest" file="/home/travis/build/IcecaveStudios/chastity/test/suite/LockTest.php" line="70" assertions="1" time="0.019597"/>
      <testcase name="testIsAcquired" class="Icecave\Chastity\LockTest" file="/home/travis/build/IcecaveStudios/chastity/test/suite/LockTest.php" line="78" assertions="4" time="0.029270"/>
      <testcase name="testIsAcquiredAfterFailedAcquisition" class="Icecave\Chastity\LockTest" file="/home/travis/build/IcecaveStudios/chastity/test/suite/LockTest.php" line="107" assertions="2" time="0.027995"/>
      <testcase name="testIsAcquiredWhenLockHasExpired" class="Icecave\Chastity\LockTest" file="/home/travis/build/IcecaveStudios/chastity/test/suite/LockTest.php" line="129" assertions="3" time="0.028665"/>
      <testcase name="testAcquire" class="Icecave\Chastity\LockTest" file="/home/travis/build/IcecaveStudios/chastity/test/suite/LockTest.php" line="153" assertions="2" time="0.036503"/>
      <testcase name="testAcquireWithTimeout" class="Icecave\Chastity\LockTest" file="/home/travis/build/IcecaveStudios/chastity/test/suite/LockTest.php" line="173" assertions="2" time="0.035679"/>
      <testcase name="testAcquireFailure" class="Icecave\Chastity\LockTest" file="/home/travis/build/IcecaveStudios/chastity/test/suite/LockTest.php" line="193" assertions="3" time="0.025349"/>
      <testcase name="testAcquireAlreadyAcquiredFailure" class="Icecave\Chastity\LockTest" file="/home/travis/build/IcecaveStudios/chastity/test/suite/LockTest.php" line="216" assertions="2" time="0.028792"/>
      <testcase name="testTryAcquire" class="Icecave\Chastity\LockTest" file="/home/travis/build/IcecaveStudios/chastity/test/suite/LockTest.php" line="227" assertions="3" time="0.036444"/>
      <testcase name="testTryAcquireWithTimeout" class="Icecave\Chastity\LockTest" file="/home/travis/build/IcecaveStudios/chastity/test/suite/LockTest.php" line="251" assertions="3" time="0.036105"/>
      <testcase name="testTryAcquireFailure" class="Icecave\Chastity\LockTest" file="/home/travis/build/IcecaveStudios/chastity/test/suite/LockTest.php" line="275" assertions="1" time="0.024062"/>
      <testcase name="testTryAcquireAlreadyAcquiredFailure" class="Icecave\Chastity\LockTest" file="/home/travis/build/IcecaveStudios/chastity/test/suite/LockTest.php" line="287" assertions="2" time="0.026542"/>
      <testcase name="testExtend" class="Icecave\Chastity\LockTest" file="/home/travis/build/IcecaveStudios/chastity/test/suite/LockTest.php" line="298" assertions="1" time="0.035759"/>
      <testcase name="testExtendWhenNotAcquired" class="Icecave\Chastity\LockTest" file="/home/travis/build/IcecaveStudios/chastity/test/suite/LockTest.php" line="313" assertions="2" time="0.020957"/>
      <testcase name="testExtendWhenLockHasExpired" class="Icecave\Chastity\LockTest" file="/home/travis/build/IcecaveStudios/chastity/test/suite/LockTest.php" line="333" assertions="2" time="0.029500"/>
      <testcase name="testRelease" class="Icecave\Chastity\LockTest" file="/home/travis/build/IcecaveStudios/chastity/test/suite/LockTest.php" line="350" assertions="2" time="0.044426"/>
      <testcase name="testReleaseWhenNotAcquired" class="Icecave\Chastity\LockTest" file="/home/travis/build/IcecaveStudios/chastity/test/suite/LockTest.php" line="366" assertions="2" time="0.021600"/>
      <testcase name="testReleaseWhenLockHasExpired" class="Icecave\Chastity\LockTest" file="/home/travis/build/IcecaveStudios/chastity/test/suite/LockTest.php" line="386" assertions="2" time="0.028905"/>
    </testsuite>
    <testsuite name="Icecave\Chastity\ReentrantLockTest" file="/home/travis/build/IcecaveStudios/chastity/test/suite/ReentrantLockTest.php" tests="15" assertions="44" failures="0" errors="0" time="0.464927">
      <testcase name="testDestruct" class="Icecave\Chastity\ReentrantLockTest" file="/home/travis/build/IcecaveStudios/chastity/test/suite/ReentrantLockTest.php" line="38" assertions="1" time="0.033162"/>
      <testcase name="testResource" class="Icecave\Chastity\ReentrantLockTest" file="/home/travis/build/IcecaveStudios/chastity/test/suite/ReentrantLockTest.php" line="50" assertions="1" time="0.021856"/>
      <testcase name="testIsAcquired" class="Icecave\Chastity\ReentrantLockTest" file="/home/travis/build/IcecaveStudios/chastity/test/suite/ReentrantLockTest.php" line="58" assertions="4" time="0.028520"/>
      <testcase name="testIsAcquiredAfterFailedAcquisition" class="Icecave\Chastity\ReentrantLockTest" file="/home/travis/build/IcecaveStudios/chastity/test/suite/ReentrantLockTest.php" line="87" assertions="2" time="0.026292"/>
      <testcase name="testIsAcquiredWhenLockHasExpired" class="Icecave\Chastity\ReentrantLockTest" file="/home/travis/build/IcecaveStudios/chastity/test/suite/ReentrantLockTest.php" line="109" assertions="3" time="0.028949"/>
      <testcase name="testAcquire" class="Icecave\Chastity\ReentrantLockTest" file="/home/travis/build/IcecaveStudios/chastity/test/suite/ReentrantLockTest.php" line="133" assertions="2" time="0.035548"/>
      <testcase name="testAcquireWithTimeout" class="Icecave\Chastity\ReentrantLockTest" file="/home/travis/build/IcecaveStudios/chastity/test/suite/ReentrantLockTest.php" line="148" assertions="2" time="0.033561"/>
      <testcase name="testAcquireFailure" class="Icecave\Chastity\ReentrantLockTest" file="/home/travis/build/IcecaveStudios/chastity/test/suite/ReentrantLockTest.php" line="163" assertions="3" time="0.027548"/>
      <testcase name="testTryAcquire" class="Icecave\Chastity\ReentrantLockTest" file="/home/travis/build/IcecaveStudios/chastity/test/suite/ReentrantLockTest.php" line="188" assertions="3" time="0.032643"/>
      <testcase name="testTryAcquireWithTimeout" class="Icecave\Chastity\ReentrantLockTest" file="/home/travis/build/IcecaveStudios/chastity/test/suite/ReentrantLockTest.php" line="207" assertions="3" time="0.031779"/>
      <testcase name="testTryAcquireFailure" class="Icecave\Chastity\ReentrantLockTest" file="/home/travis/build/IcecaveStudios/chastity/test/suite/ReentrantLockTest.php" line="226" assertions="1" time="0.022747"/>
      <testcase name="testExtend" class="Icecave\Chastity\ReentrantLockTest" file="/home/travis/build/IcecaveStudios/chastity/test/suite/ReentrantLockTest.php" line="238" assertions="1" time="0.028327"/>
      <testcase name="testRelease" class="Icecave\Chastity\ReentrantLockTest" file="/home/travis/build/IcecaveStudios/chastity/test/suite/ReentrantLockTest.php" line="248" assertions="2" time="0.028452"/>
      <testcase name="testReleaseWhenNotAcquired" class="Icecave\Chastity\ReentrantLockTest" file="/home/travis/build/IcecaveStudios/chastity/test/suite/ReentrantLockTest.php" line="264" assertions="2" time="0.021941"/>
      <testcase name="testNestedAcquisition" class="Icecave\Chastity\ReentrantLockTest" file="/home/travis/build/IcecaveStudios/chastity/test/suite/ReentrantLockTest.php" line="274" assertions="14" time="0.063602"/>
    </testsuite>
  </testsuite>
</testsuites>
